<?xml version="1.0" encoding="UTF-8"?>
<!-- Generated by org.testng.reporters.JUnitXMLReporter -->
<testsuite ignored="6" hostname="Ammu8867" failures="2" tests="2" name="GoibiboChromeBrowserTest" time="0.411" errors="0" timestamp="2024-04-10T14:14:57 IST">
  <testcase classname="Ameer.GoibiboPrjPOMTests.Goibibo_TC02" name="LoginWithValidCred" time="0.381">
    <failure type="java.lang.NullPointerException" message="Cannot invoke &amp;quot;org.openqa.selenium.SearchContext.findElement(org.openqa.selenium.By)&amp;quot; because &amp;quot;this.searchContext&amp;quot; is null">
      <![CDATA[java.lang.NullPointerException: Cannot invoke "org.openqa.selenium.SearchContext.findElement(org.openqa.selenium.By)" because "this.searchContext" is null
at org.openqa.selenium.support.pagefactory.DefaultElementLocator.findElement(DefaultElementLocator.java:68)
at org.openqa.selenium.support.pagefactory.internal.LocatingElementHandler.invoke(LocatingElementHandler.java:38)
at jdk.proxy2/jdk.proxy2.$Proxy12.sendKeys(Unknown Source)
at Ameer.GoibiboPrjPOMPages.GoibiboRegisterPage.EnterMobileNo(GoibiboRegisterPage.java:25)
at Ameer.GoibiboPrjPOMTests.Goibibo_TC02.LoginWithValidCred(Goibibo_TC02.java:25)
at java.base/java.util.ArrayList.forEach(ArrayList.java:1511)
... Removed 27 stack frames]]>
    </failure>
  </testcase> <!-- LoginWithValidCred -->
  <testcase classname="Ameer.GoibiboPrjPOMTests.Goibibo_TC02" name="LoginWithValidCred" time="0.391">
    <failure type="java.lang.NullPointerException" message="Cannot invoke &amp;quot;org.openqa.selenium.TakesScreenshot.getScreenshotAs(org.openqa.selenium.OutputType)&amp;quot; because &amp;quot;Tb&amp;quot; is null">
      <![CDATA[java.lang.NullPointerException: Cannot invoke "org.openqa.selenium.TakesScreenshot.getScreenshotAs(org.openqa.selenium.OutputType)" because "Tb" is null
at GoibiboUtil.TakeScreenShootGoibibo.TSCFAIL(TakeScreenShootGoibibo.java:23)
at GoibiboBase.GoibiboListner.onTestFailure(GoibiboListner.java:42)
at java.base/java.util.ArrayList.forEach(ArrayList.java:1511)
... Removed 24 stack frames]]>
    </failure>
  </testcase> <!-- LoginWithValidCred -->
  <testcase classname="Ameer.GoibiboPrjPOMTests.Goibibo_TC12" name="LoginSerchFlightLogOut" time="0.0">
    <ignored/>
  </testcase> <!-- LoginSerchFlightLogOut -->
  <testcase classname="Ameer.GoibiboPrjPOMTests.Goibibo_TC13" name="VerifyApplyCouponCode" time="0.0">
    <ignored/>
  </testcase> <!-- VerifyApplyCouponCode -->
  <testcase classname="Ameer.GoibiboPrjPOMTests.Goibibo_TC04" name="SearchOneWayFlight" time="0.0">
    <ignored/>
  </testcase> <!-- SearchOneWayFlight -->
  <testcase classname="Ameer.GoibiboPrjPOMTests.Goibibo_TC01" name="RegisterNewAccount" time="0.0">
    <ignored/>
  </testcase> <!-- RegisterNewAccount -->
  <testcase classname="Ameer.GoibiboPrjPOMTests.Goibibo_TC15" name="BookFlightandDoPayment" time="0.0">
    <ignored/>
  </testcase> <!-- BookFlightandDoPayment -->
  <testcase classname="Ameer.GoibiboPrjPOMTests.Goibibo_TC10" name="VerifyFareBaggageCancelRule" time="0.0">
    <ignored/>
  </testcase> <!-- VerifyFareBaggageCancelRule -->
</testsuite> <!-- GoibiboChromeBrowserTest -->
