<?xml version="1.0" encoding="UTF-8"?>
<!-- Generated by org.testng.reporters.JUnitXMLReporter -->
<testsuite ignored="0" hostname="Ammu8867" failures="0" tests="2" name="GoibiboFirefoxBrowserTest" time="103.415" errors="0" timestamp="2024-04-09T20:26:31 IST">
  <testcase classname="Ameer.GoibiboPrjPOMTests.Goibibo_TC01" name="RegisterNewAccount" time="5.224"/>
  <testcase classname="Ameer.GoibiboPrjPOMTests.Goibibo_TC02" name="LoginWithValidCred" time="58.205"/>
</testsuite> <!-- GoibiboFirefoxBrowserTest -->
